<?xml version="1.0" encoding="UTF-8"?>
<!-- Generated by org.testng.reporters.JUnitReportReporter -->
<testsuite hostname="DESKTOP-DLOMK44" name="Image.SampleImageTest" tests="2" failures="0" timestamp="24 Apr 2018 11:02:23 GMT" time="71.297" errors="0">
  <testcase name="DeleteTest" time="42.905" classname="Image.SampleImageTest"/>
  <testcase name="DeleteTest" time="28.392" classname="Image.SampleImageTest"/>
</testsuite> <!-- Image.SampleImageTest -->
