<?xml version="1.0" encoding="UTF-8"?>
<!-- Generated by org.testng.reporters.JUnitReportReporter -->
<testsuite hostname="DESKTOP-DLOMK44" name="Image.Screen_ImageTest" tests="1" failures="0" timestamp="24 Apr 2018 05:34:08 GMT" time="51.161" errors="0">
  <testcase name="screenTest" time="51.161" classname="Image.Screen_ImageTest"/>
</testsuite> <!-- Image.Screen_ImageTest -->
