<?xml version="1.0" encoding="UTF-8"?>
<!-- Generated by org.testng.reporters.JUnitReportReporter -->
<testsuite hostname="DESKTOP-DLOMK44" name="parallel.DemoTest" tests="2" failures="0" timestamp="24 Apr 2018 11:24:28 GMT" time="0.027" errors="0">
  <testcase name="createTest" time="0.008" classname="parallel.DemoTest"/>
  <testcase name="createTest" time="0.019" classname="parallel.DemoTest"/>
</testsuite> <!-- parallel.DemoTest -->
